2020-04-07 21:42:12 INFO  Hooks:41 - Fin Ejecucion
2020-04-07 21:46:06 INFO  Hooks:41 - Fin Ejecucion
2020-04-07 21:47:24 INFO  Hooks:41 - Fin Ejecucion
2020-04-07 21:49:31 INFO  Hooks:41 - Fin Ejecucion
2020-04-07 21:53:01 INFO  Hooks:42 - Fin Ejecucion
2020-04-07 21:53:42 INFO  Hooks:42 - Fin Ejecucion
2020-04-07 21:54:42 INFO  Selector_Vuelos:83 - Vuelo Seleccionado de Ida  hacia santa marta es el siguiente:   |Horario Salida-> 16:58| |Aeropuerto de Salida-> Rafael Nunez International CTG| |Horario Llegada-> 21:02| |Aeropuerto de Llegada-> Simon Bolivar International SMR| |Duracion del vuelo-> 04h04m|
2020-04-07 21:54:42 INFO  Selector_Vuelos:90 - Vuelo Seleccionado de Regreso hacia cartagena es el siguiente:   |Horario Salida-> 20:25| |Aeropuerto de Salida-> Simon Bolivar International SMR| |Horario Llegada-> 00:30| |Aeropuerto de Llegada-> Rafael Nunez International CTG| |Duracion del vuelo-> 04h05m|
2020-04-07 21:54:42 INFO  Hooks:42 - Fin Ejecucion
2020-04-07 21:55:59 INFO  Hooks:42 - Fin Ejecucion
2020-04-07 21:56:42 INFO  Hooks:42 - Fin Ejecucion
2020-04-07 21:57:58 INFO  Hooks:42 - Fin Ejecucion
2020-04-07 21:58:58 INFO  Selector_Vuelos:83 - Vuelo Seleccionado de Ida  hacia medellin es el siguiente:   |Horario Salida-> 10:46| |Aeropuerto de Salida-> Alfonso B. Aragón Internacional CLO| |Horario Llegada-> 11:39| |Aeropuerto de Llegada-> José María Córdova Internacional MDE| |Duracion del vuelo-> 00h53m|
2020-04-07 21:58:58 INFO  Selector_Vuelos:90 - Vuelo Seleccionado de Regreso hacia cali es el siguiente:   |Horario Salida-> 09:02| |Aeropuerto de Salida-> José María Córdova Internacional MDE| |Horario Llegada-> 10:06| |Aeropuerto de Llegada-> Alfonso B. Aragón Internacional CLO| |Duracion del vuelo-> 01h04m|
2020-04-07 21:58:58 INFO  Hooks:42 - Fin Ejecucion
2020-04-08 12:48:27 INFO  Hooks:42 - Fin Ejecucion
2020-04-08 12:48:37 INFO  Hooks:42 - Fin Ejecucion
2020-04-08 12:50:13 INFO  Hooks:42 - Fin Ejecucion
2020-04-08 12:51:42 INFO  Hooks:42 - Fin Ejecucion
2020-04-08 12:53:40 INFO  Selector_Vuelos:83 - Vuelo Seleccionado de Ida  hacia santa marta es el siguiente:   |Horario Salida-> 17:20| |Aeropuerto de Salida-> La Nubia MZL| |Horario Llegada-> 21:02| |Aeropuerto de Llegada-> Simon Bolivar International SMR| |Duracion del vuelo-> 03h42m|
2020-04-08 12:53:40 INFO  Selector_Vuelos:90 - Vuelo Seleccionado de Regreso hacia manizales es el siguiente:   |Horario Salida-> 12:10| |Aeropuerto de Salida-> Simon Bolivar International SMR| |Horario Llegada-> 16:28| |Aeropuerto de Llegada-> La Nubia MZL| |Duracion del vuelo-> 04h18m|
2020-04-08 12:53:40 INFO  Hooks:42 - Fin Ejecucion
2020-04-08 13:19:46 INFO  Hooks:42 - Fin Ejecucion
2020-04-08 13:23:07 INFO  Hooks:42 - Fin Ejecucion
2020-04-08 13:25:50 INFO  Hooks:42 - Fin Ejecucion
2020-04-08 13:29:50 INFO  Hooks:42 - Fin Ejecucion
2020-04-08 13:38:33 INFO  Hooks:42 - Fin Ejecucion
2020-04-08 13:41:13 INFO  Hooks:42 - Fin Ejecucion
2020-04-18 11:26:19 INFO  Hooks:42 - Fin Ejecucion
2020-04-18 11:52:59 INFO  Hooks:42 - Fin Ejecucion
2020-04-18 11:54:32 INFO  Hooks:42 - Fin Ejecucion
2020-04-18 12:01:11 INFO  Hooks:42 - Fin Ejecucion
2020-04-18 12:10:55 INFO  Hooks:42 - Fin Ejecucion
2020-04-18 12:16:03 INFO  Hooks:42 - Fin Ejecucion
2020-04-18 12:19:36 INFO  Hooks:42 - Fin Ejecucion
2020-04-18 12:22:59 INFO  Hooks:42 - Fin Ejecucion
2020-04-18 12:29:55 INFO  Hooks:42 - Fin Ejecucion
2020-04-18 12:31:35 INFO  Hooks:42 - Fin Ejecucion
2020-04-18 12:32:06 INFO  Hooks:42 - Fin Ejecucion
2020-04-18 12:34:43 INFO  Hooks:42 - Fin Ejecucion
2020-04-18 12:35:38 INFO  Hooks:42 - Fin Ejecucion
2020-04-18 12:37:13 INFO  Hooks:42 - Fin Ejecucion
2020-04-18 12:45:52 INFO  Hooks:42 - Fin Ejecucion
2020-04-18 12:48:24 INFO  Hooks:42 - Fin Ejecucion
2020-04-18 12:49:24 INFO  Hooks:42 - Fin Ejecucion
2020-04-18 13:04:03 INFO  Hooks:42 - Fin Ejecucion
2020-04-18 13:07:43 INFO  Hooks:42 - Fin Ejecucion
2020-04-18 13:08:12 INFO  Hooks:42 - Fin Ejecucion
2020-04-18 13:12:05 INFO  Hooks:42 - Fin Ejecucion
2020-04-18 13:19:19 INFO  Hooks:42 - Fin Ejecucion
2020-04-18 13:20:50 INFO  Hooks:42 - Fin Ejecucion
2020-04-18 13:32:30 INFO  Hooks:42 - Fin Ejecucion
2020-04-18 13:44:34 INFO  Hooks:42 - Fin Ejecucion
2020-04-21 15:57:24 INFO  Hooks:42 - Fin Ejecucion
2020-04-21 17:56:28 INFO  Hooks:42 - Fin Ejecucion
2020-04-21 18:05:20 INFO  Hooks:42 - Fin Ejecucion
2020-04-21 18:25:19 INFO  Hooks:42 - Fin Ejecucion
2020-04-21 18:40:06 INFO  Hooks:42 - Fin Ejecucion
2020-04-21 18:42:57 INFO  Hooks:42 - Fin Ejecucion
2020-04-21 19:14:02 INFO  Hooks:42 - Fin Ejecucion
2020-04-21 19:21:12 INFO  Hooks:42 - Fin Ejecucion
2020-04-21 20:03:41 INFO  Hooks:42 - Fin Ejecucion
2020-04-21 20:03:54 INFO  Hooks:42 - Fin Ejecucion
2020-04-21 20:07:01 INFO  Hooks:42 - Fin Ejecucion
2020-04-21 20:07:14 INFO  Hooks:42 - Fin Ejecucion
2020-04-21 20:09:59 INFO  Hooks:42 - Fin Ejecucion
2020-04-21 20:10:11 INFO  Hooks:42 - Fin Ejecucion
2020-04-21 20:11:54 INFO  Hooks:42 - Fin Ejecucion
2020-04-21 20:12:09 INFO  Hooks:42 - Fin Ejecucion
2020-04-21 20:27:32 INFO  Hooks:42 - Fin Ejecucion
2020-04-21 20:27:48 INFO  Hooks:42 - Fin Ejecucion
2020-04-21 20:28:01 INFO  Hooks:42 - Fin Ejecucion
2020-04-21 20:28:14 INFO  Hooks:42 - Fin Ejecucion
2020-04-21 20:30:09 INFO  Hooks:42 - Fin Ejecucion
2020-04-21 20:30:23 INFO  Hooks:42 - Fin Ejecucion
2020-04-21 20:44:51 INFO  Hooks:43 - Fin Ejecucion
2020-04-21 20:46:58 INFO  Hooks:43 - Fin Ejecucion
2020-04-21 20:48:38 INFO  Hooks:43 - Fin Ejecucion
2020-04-21 20:51:30 INFO  Hooks:45 - Fin Ejecucion
2020-04-21 21:08:37 INFO  Hooks:49 - Fin Ejecucion
2020-04-21 21:13:08 INFO  Hooks:49 - Fin Ejecucion
2020-04-21 21:17:29 INFO  Hooks:47 - Fin Ejecucion
2020-04-21 21:52:16 INFO  Hooks:46 - Fin Ejecucion
2020-04-21 21:53:17 INFO  Hooks:46 - Fin Ejecucion
2020-04-21 22:00:31 INFO  Hooks:46 - Fin Ejecucion
2020-04-21 22:02:42 INFO  Hooks:46 - Fin Ejecucion
2020-04-21 22:05:15 INFO  Hooks:46 - Fin Ejecucion
2020-04-21 22:07:15 INFO  Hooks:46 - Fin Ejecucion
2020-04-21 22:12:36 INFO  Hooks:46 - Fin Ejecucion
2020-04-21 22:27:33 INFO  Hooks:46 - Fin Ejecucion
2020-04-21 23:27:35 INFO  Hooks:46 - Fin Ejecucion
2020-04-21 23:32:23 INFO  Hooks:46 - Fin Ejecucion
2020-04-21 23:40:07 INFO  Hooks:46 - Fin Ejecucion
2020-04-21 23:42:54 INFO  Hooks:46 - Fin Ejecucion
2020-04-21 23:46:33 INFO  Hooks:46 - Fin Ejecucion
2020-04-21 23:51:05 INFO  Hooks:46 - Fin Ejecucion
2020-04-22 09:00:10 INFO  Hooks:46 - Fin Ejecucion
2020-04-22 10:29:21 INFO  Hooks:46 - Fin Ejecucion
2020-04-22 10:32:27 INFO  Hooks:46 - Fin Ejecucion
2020-04-22 10:35:54 INFO  Hooks:46 - Fin Ejecucion
2020-04-22 10:37:15 INFO  Hooks:46 - Fin Ejecucion
2020-04-22 10:43:38 INFO  Hooks:46 - Fin Ejecucion
2020-04-22 11:03:33 INFO  Hooks:46 - Fin Ejecucion
2020-04-22 11:36:38 INFO  Hooks:46 - Fin Ejecucion
2020-04-22 11:36:51 INFO  Hooks:46 - Fin Ejecucion
2020-04-22 11:51:14 INFO  Hooks:46 - Fin Ejecucion
2020-04-22 11:56:45 INFO  Hooks:46 - Fin Ejecucion
2020-04-22 12:15:59 INFO  Hooks:46 - Fin Ejecucion
2020-04-22 12:20:34 INFO  Hooks:46 - Fin Ejecucion
2020-04-22 12:21:40 INFO  Hooks:46 - Fin Ejecucion
2020-04-22 12:34:26 INFO  Hooks:46 - Fin Ejecucion
2020-04-22 12:41:16 INFO  Hooks:46 - Fin Ejecucion
2020-04-22 12:42:56 INFO  Hooks:46 - Fin Ejecucion
2020-04-22 12:55:03 INFO  Hooks:46 - Fin Ejecucion
2020-04-22 12:56:15 INFO  Hooks:46 - Fin Ejecucion
2020-04-22 12:57:24 INFO  Hooks:46 - Fin Ejecucion
2020-04-22 13:04:08 INFO  Hooks:46 - Fin Ejecucion
2020-04-22 13:14:16 INFO  Hooks:46 - Fin Ejecucion
2020-04-22 13:23:44 INFO  Hooks:46 - Fin Ejecucion
2020-04-22 13:25:06 INFO  Hooks:46 - Fin Ejecucion
2020-04-22 14:09:01 INFO  Hooks:46 - Fin Ejecucion
2020-04-22 14:11:07 INFO  Hooks:46 - Fin Ejecucion
2020-04-22 14:42:34 INFO  Hooks:46 - Fin Ejecucion
2020-04-22 14:42:49 INFO  Hooks:46 - Fin Ejecucion
2020-04-22 14:49:51 INFO  Hooks:46 - Fin Ejecucion
2020-04-22 14:58:05 INFO  Hooks:46 - Fin Ejecucion
2020-04-22 14:58:22 INFO  Hooks:46 - Fin Ejecucion
2020-04-22 17:13:19 INFO  Hooks:46 - Fin Ejecucion
2020-04-22 17:13:32 INFO  Hooks:46 - Fin Ejecucion
2020-04-22 18:17:25 INFO  Hooks:46 - Fin Ejecucion
2020-04-22 18:17:47 INFO  Hooks:46 - Fin Ejecucion
2020-04-22 18:19:40 INFO  Hooks:46 - Fin Ejecucion
2020-04-22 18:20:03 INFO  Hooks:46 - Fin Ejecucion
2020-04-22 18:24:28 INFO  Hooks:46 - Fin Ejecucion
2020-04-22 18:24:52 INFO  Hooks:46 - Fin Ejecucion
2020-04-22 18:41:48 INFO  Hooks:46 - Fin Ejecucion
2020-04-22 18:42:15 INFO  Hooks:46 - Fin Ejecucion
2020-04-22 18:52:05 INFO  Hooks:46 - Fin Ejecucion
2020-04-22 18:52:23 INFO  Hooks:46 - Fin Ejecucion
2020-04-22 18:53:49 INFO  Hooks:46 - Fin Ejecucion
2020-04-22 18:54:08 INFO  Hooks:46 - Fin Ejecucion
2020-04-22 18:56:18 INFO  Hooks:46 - Fin Ejecucion
2020-04-22 18:56:39 INFO  Hooks:46 - Fin Ejecucion
2020-04-22 20:31:49 INFO  Hooks:46 - Fin Ejecucion
2020-04-22 20:32:00 INFO  Hooks:46 - Fin Ejecucion
2020-04-22 20:32:11 INFO  Hooks:46 - Fin Ejecucion
2020-04-22 20:47:40 INFO  Hooks:46 - Fin Ejecucion
2020-04-22 20:47:50 INFO  Hooks:46 - Fin Ejecucion
2020-04-22 20:48:05 INFO  Hooks:46 - Fin Ejecucion
2020-04-22 21:11:22 INFO  Hooks:46 - Fin Ejecucion
2020-04-22 21:11:34 INFO  Hooks:46 - Fin Ejecucion
2020-04-22 21:11:51 INFO  Hooks:46 - Fin Ejecucion
2020-04-22 21:29:11 INFO  Hooks:46 - Fin Ejecucion
2020-04-22 21:29:24 INFO  Hooks:46 - Fin Ejecucion
2020-04-22 21:29:44 INFO  Hooks:46 - Fin Ejecucion
2020-04-22 21:58:24 INFO  Hooks:46 - Fin Ejecucion
2020-04-22 21:58:37 INFO  Hooks:46 - Fin Ejecucion
2020-04-22 21:58:55 INFO  Hooks:46 - Fin Ejecucion
2020-04-22 22:00:39 INFO  Hooks:46 - Fin Ejecucion
2020-04-22 22:00:54 INFO  Hooks:46 - Fin Ejecucion
2020-04-22 22:01:17 INFO  Hooks:46 - Fin Ejecucion
2020-04-22 22:06:43 INFO  Hooks:46 - Fin Ejecucion
2020-04-22 22:06:56 INFO  Hooks:46 - Fin Ejecucion
2020-04-22 22:07:15 INFO  Hooks:46 - Fin Ejecucion
2020-04-22 23:12:29 INFO  Hooks:46 - Fin Ejecucion
2020-04-22 23:12:42 INFO  Hooks:46 - Fin Ejecucion
2020-04-22 23:13:01 INFO  Hooks:46 - Fin Ejecucion
2020-04-22 23:19:38 INFO  Hooks:46 - Fin Ejecucion
2020-04-22 23:19:54 INFO  Hooks:46 - Fin Ejecucion
2020-04-22 23:20:16 INFO  Hooks:46 - Fin Ejecucion
2020-04-22 23:25:55 INFO  Hooks:46 - Fin Ejecucion
2020-04-22 23:26:08 INFO  Hooks:46 - Fin Ejecucion
2020-04-22 23:26:26 INFO  Hooks:46 - Fin Ejecucion
2020-04-22 23:43:50 INFO  Hooks:46 - Fin Ejecucion
2020-04-22 23:44:04 INFO  Hooks:46 - Fin Ejecucion
2020-04-22 23:44:25 INFO  Hooks:46 - Fin Ejecucion
2020-04-22 23:51:21 INFO  Hooks:46 - Fin Ejecucion
2020-04-22 23:51:35 INFO  Hooks:46 - Fin Ejecucion
2020-04-22 23:51:54 INFO  Hooks:46 - Fin Ejecucion
2020-04-23 00:19:53 INFO  Hooks:46 - Fin Ejecucion
2020-04-23 00:20:07 INFO  Hooks:46 - Fin Ejecucion
2020-04-23 00:20:28 INFO  Hooks:46 - Fin Ejecucion
2020-04-23 00:22:26 INFO  Hooks:46 - Fin Ejecucion
2020-04-23 00:22:40 INFO  Hooks:46 - Fin Ejecucion
2020-04-23 00:22:59 INFO  Hooks:46 - Fin Ejecucion
2020-04-23 09:09:11 INFO  Hooks:46 - Fin Ejecucion
2020-04-23 09:09:23 INFO  Hooks:46 - Fin Ejecucion
2020-04-23 09:09:38 INFO  Hooks:46 - Fin Ejecucion
2020-04-23 09:14:10 INFO  Hooks:46 - Fin Ejecucion
2020-04-23 09:14:22 INFO  Hooks:46 - Fin Ejecucion
2020-04-23 09:14:38 INFO  Hooks:46 - Fin Ejecucion
2020-04-23 09:47:16 INFO  Hooks:46 - Fin Ejecucion
2020-04-23 09:47:28 INFO  Hooks:46 - Fin Ejecucion
2020-04-23 09:47:45 INFO  Hooks:46 - Fin Ejecucion
2020-04-23 09:53:30 INFO  Hooks:46 - Fin Ejecucion
2020-04-23 09:53:42 INFO  Hooks:46 - Fin Ejecucion
2020-04-23 09:53:59 INFO  Hooks:46 - Fin Ejecucion
2020-04-23 09:57:10 INFO  Hooks:46 - Fin Ejecucion
2020-04-23 09:57:25 INFO  Hooks:46 - Fin Ejecucion
2020-04-23 09:57:42 INFO  Hooks:46 - Fin Ejecucion
2020-04-23 10:51:30 INFO  Hooks:46 - Fin Ejecucion
2020-04-23 10:51:44 INFO  Hooks:46 - Fin Ejecucion
2020-04-23 10:52:00 INFO  Hooks:46 - Fin Ejecucion
2020-04-23 11:03:22 INFO  Hooks:46 - Fin Ejecucion
2020-04-23 11:03:36 INFO  Hooks:46 - Fin Ejecucion
2020-04-23 11:03:54 INFO  Hooks:46 - Fin Ejecucion
2020-04-23 11:10:01 INFO  Hooks:46 - Fin Ejecucion
2020-04-23 11:10:12 INFO  Hooks:46 - Fin Ejecucion
2020-04-23 11:38:08 INFO  Hooks:46 - Fin Ejecucion
2020-04-23 11:38:19 INFO  Hooks:46 - Fin Ejecucion
2020-04-23 11:44:44 INFO  Hooks:46 - Fin Ejecucion
2020-04-23 11:44:58 INFO  Hooks:46 - Fin Ejecucion
2020-04-23 11:45:16 INFO  Hooks:46 - Fin Ejecucion
2020-04-23 11:48:52 INFO  Hooks:46 - Fin Ejecucion
2020-04-23 11:49:05 INFO  Hooks:46 - Fin Ejecucion
2020-04-23 11:49:35 INFO  Hooks:46 - Fin Ejecucion
2020-04-23 11:54:18 INFO  Hooks:46 - Fin Ejecucion
2020-04-23 11:54:30 INFO  Hooks:46 - Fin Ejecucion
2020-04-23 12:27:19 INFO  Hooks:46 - Fin Ejecucion
2020-04-23 12:27:36 INFO  Hooks:46 - Fin Ejecucion
2020-04-23 12:27:52 INFO  Hooks:46 - Fin Ejecucion
2020-04-23 12:32:52 INFO  Hooks:46 - Fin Ejecucion
2020-04-23 12:33:06 INFO  Hooks:46 - Fin Ejecucion
2020-04-23 12:33:23 INFO  Hooks:46 - Fin Ejecucion
2020-04-23 12:38:13 INFO  Hooks:46 - Fin Ejecucion
2020-04-23 12:38:25 INFO  Hooks:46 - Fin Ejecucion
2020-04-23 12:38:42 INFO  Hooks:46 - Fin Ejecucion
2020-04-23 12:41:08 INFO  Hooks:46 - Fin Ejecucion
2020-04-23 12:41:24 INFO  Hooks:46 - Fin Ejecucion
2020-04-23 12:41:44 INFO  Hooks:46 - Fin Ejecucion
2020-04-23 12:47:23 INFO  Hooks:46 - Fin Ejecucion
2020-04-23 12:47:37 INFO  Hooks:46 - Fin Ejecucion
2020-04-23 12:48:06 INFO  Hooks:46 - Fin Ejecucion
2020-04-23 13:15:11 INFO  Hooks:46 - Fin Ejecucion
2020-04-23 13:15:23 INFO  Hooks:46 - Fin Ejecucion
2020-04-23 13:15:40 INFO  Hooks:46 - Fin Ejecucion
2020-04-23 13:19:19 INFO  Hooks:46 - Fin Ejecucion
2020-04-23 13:19:31 INFO  Hooks:46 - Fin Ejecucion
2020-04-23 13:19:47 INFO  Hooks:46 - Fin Ejecucion
2020-04-23 13:30:30 INFO  Hooks:46 - Fin Ejecucion
2020-04-23 13:30:43 INFO  Hooks:46 - Fin Ejecucion
2020-04-23 13:31:02 INFO  Hooks:46 - Fin Ejecucion
2020-04-23 13:33:07 INFO  Hooks:46 - Fin Ejecucion
2020-04-23 13:33:24 INFO  Hooks:46 - Fin Ejecucion
2020-04-23 13:33:43 INFO  Hooks:46 - Fin Ejecucion
2020-04-23 13:35:49 INFO  Hooks:46 - Fin Ejecucion
2020-04-23 13:36:02 INFO  Hooks:46 - Fin Ejecucion
2020-04-23 13:36:18 INFO  Hooks:46 - Fin Ejecucion
2020-04-23 13:44:02 INFO  Hooks:46 - Fin Ejecucion
2020-04-23 13:44:17 INFO  Hooks:46 - Fin Ejecucion
2020-04-23 13:44:35 INFO  Hooks:46 - Fin Ejecucion
2020-04-23 13:46:20 INFO  Hooks:46 - Fin Ejecucion
2020-04-23 13:46:33 INFO  Hooks:46 - Fin Ejecucion
2020-04-23 13:46:51 INFO  Hooks:46 - Fin Ejecucion
2020-04-23 13:49:20 INFO  Hooks:46 - Fin Ejecucion
2020-04-23 13:49:33 INFO  Hooks:46 - Fin Ejecucion
2020-04-23 13:49:51 INFO  Hooks:46 - Fin Ejecucion
2020-04-23 13:51:42 INFO  Hooks:46 - Fin Ejecucion
2020-04-23 13:51:54 INFO  Hooks:46 - Fin Ejecucion
2020-04-23 13:52:12 INFO  Hooks:46 - Fin Ejecucion
2020-04-23 13:55:20 INFO  Hooks:46 - Fin Ejecucion
2020-04-23 13:56:52 INFO  Hooks:46 - Fin Ejecucion
2020-04-23 14:02:44 INFO  Hooks:46 - Fin Ejecucion
2020-04-23 14:04:00 INFO  Hooks:46 - Fin Ejecucion
2020-04-23 14:05:38 INFO  Hooks:46 - Fin Ejecucion
2020-04-23 14:14:06 INFO  Hooks:46 - Fin Ejecucion
2020-04-23 14:17:16 INFO  Hooks:46 - Fin Ejecucion
2020-04-23 14:45:50 INFO  Hooks:46 - Fin Ejecucion
2020-04-23 14:54:47 INFO  Hooks:46 - Fin Ejecucion
2020-04-23 15:13:35 INFO  Hooks:46 - Fin Ejecucion
2020-04-23 15:15:47 INFO  Hooks:46 - Fin Ejecucion
2020-04-23 15:18:19 INFO  Hooks:46 - Fin Ejecucion
2020-04-23 15:25:33 INFO  Hooks:46 - Fin Ejecucion
2020-04-23 15:40:22 INFO  Hooks:46 - Fin Ejecucion
2020-04-23 15:42:17 INFO  Hooks:46 - Fin Ejecucion
2020-04-23 15:46:26 INFO  Hooks:46 - Fin Ejecucion
2020-04-23 16:51:50 INFO  Hooks:46 - Fin Ejecucion
2020-04-23 16:55:32 INFO  Hooks:46 - Fin Ejecucion
2020-04-23 17:26:01 INFO  Hooks:46 - Fin Ejecucion
2020-04-23 17:26:31 INFO  Hooks:46 - Fin Ejecucion
2020-04-23 17:27:02 INFO  Hooks:46 - Fin Ejecucion
2020-04-23 18:38:00 INFO  Hooks:46 - Fin Ejecucion
2020-04-24 10:42:50 INFO  Hooks:46 - Fin Ejecucion
2020-04-24 11:02:56 INFO  Hooks:46 - Fin Ejecucion
2020-04-24 11:03:52 INFO  Hooks:46 - Fin Ejecucion
2020-04-24 11:11:14 INFO  Hooks:46 - Fin Ejecucion
2020-04-24 13:12:59 INFO  Hooks:46 - Fin Ejecucion
2020-04-24 13:15:22 INFO  Hooks:46 - Fin Ejecucion
2020-04-24 14:44:51 INFO  Hooks:46 - Fin Ejecucion
2020-04-24 14:48:43 INFO  Hooks:46 - Fin Ejecucion
2020-04-24 14:58:04 INFO  Hooks:46 - Fin Ejecucion
2020-04-24 15:16:26 INFO  Hooks:46 - Fin Ejecucion
2020-04-24 15:50:03 INFO  Hooks:46 - Fin Ejecucion
2020-04-24 15:55:32 INFO  Hooks:46 - Fin Ejecucion
2020-04-24 19:49:02 INFO  Hooks:46 - Fin Ejecucion
2020-04-24 19:57:40 INFO  Hooks:46 - Fin Ejecucion
2020-04-24 19:59:48 INFO  Hooks:46 - Fin Ejecucion
2020-04-24 20:01:29 INFO  Hooks:46 - Fin Ejecucion
2020-04-24 20:04:58 INFO  Hooks:46 - Fin Ejecucion
2020-04-24 20:10:35 INFO  Hooks:46 - Fin Ejecucion
2020-04-24 20:14:24 INFO  Hooks:46 - Fin Ejecucion
2020-04-24 20:20:28 INFO  Hooks:46 - Fin Ejecucion
2020-04-24 20:21:53 INFO  Hooks:46 - Fin Ejecucion
2020-04-24 20:24:53 INFO  Hooks:46 - Fin Ejecucion
2020-04-24 20:30:17 INFO  Hooks:46 - Fin Ejecucion
2020-04-24 20:32:18 INFO  Hooks:46 - Fin Ejecucion
2020-04-24 20:34:47 INFO  Hooks:46 - Fin Ejecucion
2020-04-24 20:39:44 INFO  Hooks:46 - Fin Ejecucion
2020-04-24 20:46:50 INFO  Hooks:46 - Fin Ejecucion
2020-04-24 20:50:20 INFO  Hooks:46 - Fin Ejecucion
2020-04-24 20:58:01 INFO  Hooks:46 - Fin Ejecucion
2020-04-24 21:36:22 INFO  Hooks:46 - Fin Ejecucion
2020-04-24 21:39:26 INFO  Hooks:46 - Fin Ejecucion
2020-04-24 21:42:03 INFO  Hooks:46 - Fin Ejecucion
2020-04-24 22:02:51 INFO  Hooks:46 - Fin Ejecucion
2020-04-24 22:09:34 INFO  Hooks:46 - Fin Ejecucion
2020-04-24 22:13:38 INFO  Hooks:46 - Fin Ejecucion
2020-04-24 22:24:54 INFO  Hooks:46 - Fin Ejecucion
2020-04-24 22:43:22 INFO  Hooks:46 - Fin Ejecucion
2020-04-24 22:45:17 INFO  Hooks:46 - Fin Ejecucion
2020-04-24 22:46:12 INFO  Hooks:46 - Fin Ejecucion
2020-04-24 22:47:18 INFO  Hooks:46 - Fin Ejecucion
2020-04-24 22:59:43 INFO  Hooks:46 - Fin Ejecucion
2020-04-24 23:11:11 INFO  Hooks:46 - Fin Ejecucion
2020-04-24 23:12:41 INFO  Hooks:46 - Fin Ejecucion
2020-04-24 23:15:35 INFO  Hooks:46 - Fin Ejecucion
2020-04-24 23:20:43 INFO  Hooks:46 - Fin Ejecucion
2020-04-24 23:22:36 INFO  Hooks:46 - Fin Ejecucion
2020-04-24 23:25:41 INFO  Hooks:46 - Fin Ejecucion
2020-04-24 23:28:11 INFO  Hooks:46 - Fin Ejecucion
2020-04-24 23:29:16 INFO  Hooks:46 - Fin Ejecucion
2020-04-24 23:30:53 INFO  Hooks:46 - Fin Ejecucion
2020-04-24 23:32:49 INFO  Hooks:46 - Fin Ejecucion
2020-04-24 23:34:31 INFO  Hooks:46 - Fin Ejecucion
2020-04-24 23:38:04 INFO  Hooks:46 - Fin Ejecucion
2020-04-24 23:40:38 INFO  Hooks:46 - Fin Ejecucion
2020-04-24 23:44:17 INFO  Hooks:46 - Fin Ejecucion
2020-04-24 23:46:52 INFO  Hooks:46 - Fin Ejecucion
2020-04-24 23:48:33 INFO  Hooks:46 - Fin Ejecucion
2020-04-24 23:51:11 INFO  Hooks:46 - Fin Ejecucion
2020-04-24 23:52:44 INFO  Hooks:46 - Fin Ejecucion
2020-04-24 23:54:31 INFO  Hooks:46 - Fin Ejecucion
2020-04-24 23:56:30 INFO  Hooks:46 - Fin Ejecucion
2020-04-24 23:58:23 INFO  Hooks:46 - Fin Ejecucion
2020-04-24 23:59:01 INFO  Hooks:46 - Fin Ejecucion
2020-04-25 00:01:20 INFO  Hooks:46 - Fin Ejecucion
2020-04-25 00:05:35 INFO  Hooks:46 - Fin Ejecucion
2020-04-25 00:06:57 INFO  Hooks:46 - Fin Ejecucion
2020-04-25 00:13:42 INFO  Hooks:46 - Fin Ejecucion
2020-04-25 00:16:04 INFO  Hooks:46 - Fin Ejecucion
2020-04-25 00:19:25 INFO  Hooks:46 - Fin Ejecucion
2020-04-25 00:24:29 INFO  Hooks:46 - Fin Ejecucion
2020-04-25 00:32:39 INFO  Hooks:46 - Fin Ejecucion
2020-04-25 00:35:30 INFO  Hooks:46 - Fin Ejecucion
2020-04-25 00:45:39 INFO  Hooks:46 - Fin Ejecucion
2020-04-25 00:54:03 INFO  Hooks:46 - Fin Ejecucion
2020-04-25 00:56:01 INFO  Hooks:46 - Fin Ejecucion
2020-04-25 11:47:08 INFO  Hooks:46 - Fin Ejecucion
2020-04-25 12:02:42 INFO  Hooks:46 - Fin Ejecucion
2020-04-25 12:06:38 INFO  Hooks:46 - Fin Ejecucion
2020-04-25 12:19:25 INFO  Hooks:46 - Fin Ejecucion
2020-04-25 12:28:59 INFO  Hooks:46 - Fin Ejecucion
2020-04-25 12:39:01 INFO  Hooks:46 - Fin Ejecucion
2020-04-25 12:40:40 INFO  Hooks:46 - Fin Ejecucion
2020-04-25 12:46:55 INFO  Hooks:46 - Fin Ejecucion
2020-04-25 12:50:02 INFO  Hooks:46 - Fin Ejecucion
2020-04-25 12:59:59 INFO  Hooks:46 - Fin Ejecucion
2020-04-25 13:09:48 INFO  Hooks:46 - Fin Ejecucion
2020-04-25 13:31:28 INFO  Hooks:46 - Fin Ejecucion
2020-04-25 13:43:42 INFO  Hooks:46 - Fin Ejecucion
2020-04-25 13:49:41 INFO  Hooks:46 - Fin Ejecucion
2020-04-25 13:54:56 INFO  Hooks:46 - Fin Ejecucion
2020-04-25 13:58:46 INFO  Hooks:46 - Fin Ejecucion
2020-04-25 16:29:58 INFO  Hooks:46 - Fin Ejecucion
2020-04-25 16:35:00 INFO  Hooks:46 - Fin Ejecucion
2020-04-25 16:45:44 INFO  Hooks:46 - Fin Ejecucion
2020-04-25 16:49:57 INFO  Hooks:46 - Fin Ejecucion
2020-04-25 16:58:08 INFO  Hooks:46 - Fin Ejecucion
2020-04-25 17:26:30 INFO  Hooks:46 - Fin Ejecucion
2020-04-25 17:32:12 INFO  Hooks:46 - Fin Ejecucion
2020-04-25 17:35:02 INFO  Hooks:46 - Fin Ejecucion
2020-04-25 17:39:45 INFO  Hooks:46 - Fin Ejecucion
2020-04-25 17:47:35 INFO  Hooks:46 - Fin Ejecucion
2020-04-25 17:50:52 INFO  Hooks:46 - Fin Ejecucion
2020-04-25 17:53:11 INFO  Hooks:46 - Fin Ejecucion
2020-04-25 17:57:46 INFO  Hooks:46 - Fin Ejecucion
2020-04-25 18:00:00 INFO  Hooks:46 - Fin Ejecucion
2020-04-25 18:04:10 INFO  Hooks:46 - Fin Ejecucion
2020-04-25 18:10:22 INFO  Hooks:46 - Fin Ejecucion
2020-04-25 18:17:38 INFO  Hooks:46 - Fin Ejecucion
2020-04-25 18:41:44 INFO  Hooks:46 - Fin Ejecucion
2020-04-25 18:52:08 INFO  Hooks:46 - Fin Ejecucion
2020-04-25 18:56:03 INFO  Hooks:46 - Fin Ejecucion
2020-04-25 18:57:20 INFO  Hooks:46 - Fin Ejecucion
2020-04-25 19:06:30 INFO  Hooks:46 - Fin Ejecucion
2020-04-25 19:08:54 INFO  Hooks:46 - Fin Ejecucion
2020-04-25 19:21:59 INFO  Hooks:46 - Fin Ejecucion
2020-04-25 19:26:52 INFO  Hooks:46 - Fin Ejecucion
2020-04-25 19:34:09 INFO  Hooks:46 - Fin Ejecucion
2020-04-25 19:42:48 INFO  Hooks:46 - Fin Ejecucion
2020-04-25 19:45:09 INFO  Hooks:46 - Fin Ejecucion
2020-04-25 19:48:52 INFO  Hooks:46 - Fin Ejecucion
2020-04-25 20:35:15 INFO  Hooks:46 - Fin Ejecucion
2020-04-25 20:37:26 INFO  Hooks:46 - Fin Ejecucion
2020-04-25 20:38:42 INFO  Hooks:46 - Fin Ejecucion
2020-04-25 20:42:18 INFO  Hooks:46 - Fin Ejecucion
2020-04-25 20:44:24 INFO  Hooks:46 - Fin Ejecucion
2020-04-25 21:05:42 INFO  Hooks:46 - Fin Ejecucion
2020-04-25 21:06:48 INFO  Hooks:46 - Fin Ejecucion
2020-04-25 21:09:33 INFO  Hooks:46 - Fin Ejecucion
2020-04-25 21:19:06 INFO  Hooks:46 - Fin Ejecucion
2020-04-25 21:42:28 INFO  Hooks:46 - Fin Ejecucion
2020-04-25 21:46:32 INFO  Hooks:46 - Fin Ejecucion
2020-04-25 21:46:50 INFO  Hooks:46 - Fin Ejecucion
2020-04-25 21:47:07 INFO  Hooks:46 - Fin Ejecucion
2020-04-25 21:47:23 INFO  Hooks:46 - Fin Ejecucion
2020-04-25 21:55:13 INFO  Hooks:46 - Fin Ejecucion
2020-04-25 22:08:58 INFO  Hooks:46 - Fin Ejecucion
2020-04-25 22:14:07 INFO  Hooks:46 - Fin Ejecucion
2020-04-25 22:27:31 INFO  Hooks:46 - Fin Ejecucion
2020-04-25 22:28:16 INFO  Hooks:46 - Fin Ejecucion
2020-04-25 22:28:40 INFO  Hooks:46 - Fin Ejecucion
2020-04-25 22:29:08 INFO  Hooks:46 - Fin Ejecucion
2020-04-25 22:32:33 INFO  Hooks:46 - Fin Ejecucion
2020-04-25 22:33:18 INFO  Hooks:46 - Fin Ejecucion
2020-04-25 22:33:42 INFO  Hooks:46 - Fin Ejecucion
2020-04-25 22:34:06 INFO  Hooks:46 - Fin Ejecucion
2020-04-25 22:37:11 INFO  Hooks:46 - Fin Ejecucion
2020-04-25 22:37:35 INFO  Hooks:46 - Fin Ejecucion
2020-04-25 22:37:58 INFO  Hooks:46 - Fin Ejecucion
2020-04-25 22:42:53 INFO  Hooks:46 - Fin Ejecucion
2020-04-25 22:43:25 INFO  Hooks:46 - Fin Ejecucion
2020-04-25 22:43:53 INFO  Hooks:46 - Fin Ejecucion
2020-04-25 22:53:03 INFO  Hooks:46 - Fin Ejecucion
2020-04-25 22:53:33 INFO  Hooks:46 - Fin Ejecucion
2020-04-25 22:54:02 INFO  Hooks:46 - Fin Ejecucion
2020-04-25 22:59:30 INFO  Hooks:46 - Fin Ejecucion
2020-04-25 23:00:04 INFO  Hooks:46 - Fin Ejecucion
2020-04-25 23:02:22 INFO  Hooks:46 - Fin Ejecucion
2020-04-25 23:09:00 INFO  Hooks:46 - Fin Ejecucion
2020-04-25 23:12:59 INFO  Hooks:46 - Fin Ejecucion
2020-04-25 23:14:51 INFO  Hooks:46 - Fin Ejecucion
2020-04-25 23:16:46 INFO  Hooks:46 - Fin Ejecucion
2020-04-25 23:18:08 INFO  Hooks:46 - Fin Ejecucion
2020-04-25 23:20:29 INFO  Hooks:46 - Fin Ejecucion
2020-04-25 23:30:45 INFO  Hooks:46 - Fin Ejecucion
2020-04-26 11:46:30 INFO  Hooks:46 - Fin Ejecucion
2020-04-26 12:12:09 INFO  Hooks:46 - Fin Ejecucion
2020-04-26 12:16:44 INFO  Hooks:46 - Fin Ejecucion
2020-04-26 12:31:06 INFO  Hooks:46 - Fin Ejecucion
2020-04-26 13:12:06 INFO  Hooks:46 - Fin Ejecucion
2020-04-26 13:16:19 INFO  Hooks:46 - Fin Ejecucion
2020-04-26 13:16:51 INFO  Hooks:46 - Fin Ejecucion
2020-04-26 13:17:26 INFO  Hooks:46 - Fin Ejecucion
2020-04-26 13:24:39 INFO  Hooks:46 - Fin Ejecucion
2020-04-26 13:25:17 INFO  Hooks:46 - Fin Ejecucion
2020-04-26 13:25:47 INFO  Hooks:46 - Fin Ejecucion
2020-04-26 14:03:40 INFO  Hooks:46 - Fin Ejecucion
2020-04-26 14:03:49 INFO  Hooks:46 - Fin Ejecucion
2020-04-26 14:04:05 INFO  Hooks:46 - Fin Ejecucion
2020-04-26 14:04:49 INFO  Hooks:46 - Fin Ejecucion
2020-04-26 14:05:09 INFO  Hooks:46 - Fin Ejecucion
2020-04-26 14:05:26 INFO  Hooks:46 - Fin Ejecucion
2020-04-26 15:04:34 INFO  Hooks:46 - Fin Ejecucion
2020-04-26 15:07:11 INFO  Hooks:46 - Fin Ejecucion
2020-04-26 15:11:31 INFO  Hooks:46 - Fin Ejecucion
2020-04-26 15:15:25 INFO  Hooks:46 - Fin Ejecucion
2020-04-26 15:21:03 INFO  Hooks:46 - Fin Ejecucion
2020-04-26 15:25:28 INFO  Hooks:46 - Fin Ejecucion
2020-04-26 15:30:32 INFO  Hooks:46 - Fin Ejecucion
2020-04-26 15:36:15 INFO  Hooks:46 - Fin Ejecucion
2020-04-26 16:22:17 INFO  Hooks:46 - Fin Ejecucion
2020-04-26 16:23:07 INFO  Hooks:46 - Fin Ejecucion
2020-04-26 16:25:38 INFO  Hooks:46 - Fin Ejecucion
2020-04-26 16:36:23 INFO  Hooks:46 - Fin Ejecucion
2020-04-26 16:38:18 INFO  Hooks:46 - Fin Ejecucion
2020-04-26 17:02:29 INFO  Hooks:46 - Fin Ejecucion
2020-04-26 17:06:54 INFO  Hooks:46 - Fin Ejecucion
2020-04-26 17:16:22 INFO  Hooks:46 - Fin Ejecucion
2020-04-26 17:17:36 INFO  Hooks:46 - Fin Ejecucion
2020-04-26 17:20:24 INFO  Hooks:46 - Fin Ejecucion
2020-04-26 17:21:38 INFO  Hooks:46 - Fin Ejecucion
2020-04-26 17:24:12 INFO  Hooks:46 - Fin Ejecucion
2020-04-26 17:27:47 INFO  Hooks:46 - Fin Ejecucion
2020-04-26 17:28:05 INFO  Hooks:46 - Fin Ejecucion
2020-04-26 17:28:25 INFO  Hooks:46 - Fin Ejecucion
2020-04-26 17:30:12 INFO  Hooks:46 - Fin Ejecucion
2020-04-26 17:35:12 INFO  Hooks:46 - Fin Ejecucion
2020-04-26 17:44:05 INFO  Hooks:46 - Fin Ejecucion
2020-04-26 17:46:09 INFO  Hooks:46 - Fin Ejecucion
2020-04-26 17:56:12 INFO  Hooks:46 - Fin Ejecucion
2020-04-26 18:01:09 INFO  Hooks:46 - Fin Ejecucion
2020-04-26 18:07:03 INFO  Hooks:46 - Fin Ejecucion
2020-04-26 18:09:02 INFO  Hooks:46 - Fin Ejecucion
2020-04-26 18:15:35 INFO  Hooks:46 - Fin Ejecucion
2020-04-26 18:20:21 INFO  Hooks:46 - Fin Ejecucion
2020-04-26 18:25:17 INFO  Hooks:46 - Fin Ejecucion
2020-04-26 18:31:18 INFO  Hooks:46 - Fin Ejecucion
